{
  "stats": {
    "suites": 1,
    "tests": 1,
    "passes": 1,
    "pending": 0,
    "failures": 0,
    "start": "2024-12-31T17:11:41.660Z",
    "end": "2024-12-31T17:12:08.513Z",
    "duration": 26853,
    "testsRegistered": 1,
    "passPercent": 100,
    "pendingPercent": 0,
    "other": 0,
    "hasOther": false,
    "skipped": 0,
    "hasSkipped": false
  },
  "results": [
    {
      "uuid": "b438d360-769e-4709-9aa7-936993f5463c",
      "title": "",
      "fullFile": "cypress\\e2e\\Practiceform.js",
      "file": "cypress\\e2e\\Practiceform.js",
      "beforeHooks": [],
      "afterHooks": [],
      "tests": [],
      "suites": [
        {
          "uuid": "e806a8a8-c804-4ee4-a4c7-fc2ba7fbaa1b",
          "title": "practiceform",
          "fullFile": "",
          "file": "",
          "beforeHooks": [],
          "afterHooks": [],
          "tests": [
            {
              "title": "practiceformtest",
              "fullTitle": "practiceform practiceformtest",
              "timedOut": null,
              "duration": 22308,
              "state": "passed",
              "speed": "slow",
              "pass": true,
              "fail": false,
              "pending": false,
              "context": null,
              "code": "cy.visit('https://demoqa.com/automation-practice-form', {\n  timeout: 120000\n});\ncy.get('#firstName').type('John');\ncy.get('#firstName').should('have.value', 'John');\ncy.get('#lastName').type(\"Test12\");\ncy.get('#userEmail').type(\"example@example.com\");\n//cy.get('label.custom-control-label::after').click();",
              "err": {},
              "uuid": "f41a596e-214c-4ae5-9742-ca492d8a9890",
              "parentUUID": "e806a8a8-c804-4ee4-a4c7-fc2ba7fbaa1b",
              "isHook": false,
              "skipped": false
            }
          ],
          "suites": [],
          "passes": [
            "f41a596e-214c-4ae5-9742-ca492d8a9890"
          ],
          "failures": [],
          "pending": [],
          "skipped": [],
          "duration": 22308,
          "root": false,
          "rootEmpty": false,
          "_timeout": 2000
        }
      ],
      "passes": [],
      "failures": [],
      "pending": [],
      "skipped": [],
      "duration": 0,
      "root": true,
      "rootEmpty": true,
      "_timeout": 2000
    }
  ],
  "meta": {
    "mocha": {
      "version": "7.0.1"
    },
    "mochawesome": {
      "options": {
        "quiet": false,
        "reportFilename": "mochawesome",
        "saveHtml": true,
        "saveJson": true,
        "consoleReporter": "spec",
        "useInlineDiffs": false,
        "code": true
      },
      "version": "7.1.3"
    },
    "marge": {
      "options": {
        "reportDir": "reports",
        "overwrite": false,
        "html": true,
        "json": true
      },
      "version": "6.2.0"
    }
  }
}