{
  "stats": {
    "suites": 1,
    "tests": 1,
    "passes": 0,
    "pending": 0,
    "failures": 1,
    "start": "2024-12-31T17:12:15.207Z",
    "end": "2024-12-31T17:14:27.227Z",
    "duration": 132020,
    "testsRegistered": 1,
    "passPercent": 0,
    "pendingPercent": 0,
    "other": 0,
    "hasOther": false,
    "skipped": 0,
    "hasSkipped": false
  },
  "results": [
    {
      "uuid": "c2c5f81f-c84b-4125-b3c1-a63c6f2389cd",
      "title": "",
      "fullFile": "cypress\\e2e\\Myfirstcode_spec.js",
      "file": "cypress\\e2e\\Myfirstcode_spec.js",
      "beforeHooks": [],
      "afterHooks": [],
      "tests": [],
      "suites": [
        {
          "uuid": "c9813570-96c4-42d9-b4e4-eef736174357",
          "title": "Myfirstcode",
          "fullFile": "",
          "file": "",
          "beforeHooks": [],
          "afterHooks": [],
          "tests": [
            {
              "title": "gmaillogin",
              "fullTitle": "Myfirstcode gmaillogin",
              "timedOut": null,
              "duration": 126864,
              "state": "failed",
              "speed": null,
              "pass": false,
              "fail": true,
              "pending": false,
              "context": null,
              "code": "//  cy.visit('https://accounts.google.com/v3/signin/identifier?continue=https%3A%2F%2Fmail.google.com%2Fmail%2Fu%2F0%2F&emr=1&followup=https%3A%2F%2Fmail.google.com%2Fmail%2Fu%2F0%2F&ifkv=AeZLP99SOKZa7-HXVX9PC9Ydkn0_9SYowW6MzhncBGsFChXC-JLR-I2DJRAsgSeC_Kx5RY8EzBzKLA&osid=1&passive=1209600&service=mail&flowName=GlifWebSignIn&flowEntry=ServiceLogin&dsh=S-1105423439%3A1735379700648519&ddm=1');\n// cy.intercept('POST', 'https://accounts.google.com/*', {\n//statusCode: 200,\n//body: { token: 'mocked-token' },\n//}).as('mockLogin');\ncy.visit('https://accounts.google.com/signin');\n// cy.wait(2000);\n// cy.get('input[type=\"email\"]').click();\ncy.get('input[type=\"email\"]').type(\"lakshmi.ravishankaran@gmail.com\");\ncy.get('#identifierNext').click();\n// cy.wait(1000);\n// cy.get('div.VfPpkd-RLmnJb').eq(1).click({force:true});\n// cy.wait(4000);\n//  cy.get('input[type=\"password\"]').type(\"Saibaba01!\");\n//  cy.get('input[type=\"password\"]', { timeout: 10000 }).should('be.visible');\n//  cy.get('input[type=\"password\"]').type('Saibaba01!', { log: false }); // Avoid logging sensitive data\n//  cy.get('#passwordNext').click();\n// cy.get('div span.VfPpkd-vQzf8d').click({force:true});\ncy.url().should('include', 'mail.google.com');\ncy.get('div[role=\"main\"]').should('contain.text', 'Inbox');",
              "err": {
                "message": "AssertionError: Timed out retrying after 120000ms: expected 'https://accounts.google.com/v3/signin/rejected?checkConnection=youtube:2782&checkedDomains=youtube&dsh=S654485833:1735665146420575&epd=AW5di2pBnCrKx2cVc33etDchQno7qAjz-fELI_j7zsjyJEqF4QcArlWVOQ&flowEntry=ServiceLogin&flowName=WebLiteSignIn&idnf=lakshmi.ravishankaran@gmail.com&ifkv=AeZLP9-Pkb7zYhGk1HCML2NVhjx-qyY-nf2W-l-fWKfEBe5h5H18-GNJNewNtxDBnvqz94-MqJVdEg&pstMsg=1&rhlk=le&rrk=46' to include 'mail.google.com'",
                "estack": "AssertionError: Timed out retrying after 120000ms: expected 'https://accounts.google.com/v3/signin/rejected?checkConnection=youtube:2782&checkedDomains=youtube&dsh=S654485833:1735665146420575&epd=AW5di2pBnCrKx2cVc33etDchQno7qAjz-fELI_j7zsjyJEqF4QcArlWVOQ&flowEntry=ServiceLogin&flowName=WebLiteSignIn&idnf=lakshmi.ravishankaran@gmail.com&ifkv=AeZLP9-Pkb7zYhGk1HCML2NVhjx-qyY-nf2W-l-fWKfEBe5h5H18-GNJNewNtxDBnvqz94-MqJVdEg&pstMsg=1&rhlk=le&rrk=46' to include 'mail.google.com'\n    at Context.eval (webpack://cypress-project/./cypress/e2e/Myfirstcode_spec.js:23:14)",
                "diff": null
              },
              "uuid": "b7aef53b-f3ea-49ad-879c-0ae2d4335675",
              "parentUUID": "c9813570-96c4-42d9-b4e4-eef736174357",
              "isHook": false,
              "skipped": false
            }
          ],
          "suites": [],
          "passes": [],
          "failures": [
            "b7aef53b-f3ea-49ad-879c-0ae2d4335675"
          ],
          "pending": [],
          "skipped": [],
          "duration": 126864,
          "root": false,
          "rootEmpty": false,
          "_timeout": 2000
        }
      ],
      "passes": [],
      "failures": [],
      "pending": [],
      "skipped": [],
      "duration": 0,
      "root": true,
      "rootEmpty": true,
      "_timeout": 2000
    }
  ],
  "meta": {
    "mocha": {
      "version": "7.0.1"
    },
    "mochawesome": {
      "options": {
        "quiet": false,
        "reportFilename": "mochawesome",
        "saveHtml": true,
        "saveJson": true,
        "consoleReporter": "spec",
        "useInlineDiffs": false,
        "code": true
      },
      "version": "7.1.3"
    },
    "marge": {
      "options": {
        "reportDir": "reports",
        "overwrite": false,
        "html": true,
        "json": true
      },
      "version": "6.2.0"
    }
  }
}